{"timestamp":"2025-06-13T03:21:51.064781","level":"info","event":"DAG bundles loaded: dags-folder, example_dags","logger":"airflow.dag_processing.bundles.manager.DagBundlesManager"}
{"timestamp":"2025-06-13T03:21:51.065253","level":"info","event":"Filling up the DagBag from /opt/airflow/dags/etl_dag.py","logger":"airflow.models.dagbag.DagBag"}
{"timestamp":"2025-06-13T03:21:51.117376Z","level":"info","event":"Task instance is in running state","chan":"stdout","logger":"task"}
{"timestamp":"2025-06-13T03:21:51.117874Z","level":"info","event":" Previous state of the Task instance: TaskInstanceState.QUEUED","chan":"stdout","logger":"task"}
{"timestamp":"2025-06-13T03:21:51.118607Z","level":"info","event":"Current task name:extract","chan":"stdout","logger":"task"}
{"timestamp":"2025-06-13T03:21:51.120742Z","level":"info","event":"Dag name:etl_transaction_pipeline","chan":"stdout","logger":"task"}
{"timestamp":"2025-06-13T03:21:51.123973Z","level":"info","event":"Task instance in failure state","chan":"stdout","logger":"task"}
{"timestamp":"2025-06-13T03:21:51.124607Z","level":"info","event":"Task start","chan":"stdout","logger":"task"}
{"timestamp":"2025-06-13T03:21:51.125109Z","level":"info","event":"Task:<Task(PythonOperator): extract>","chan":"stdout","logger":"task"}
{"timestamp":"2025-06-13T03:21:51.125553Z","level":"info","event":"Failure caused by [Errno 2] No such file or directory: '/opt/airflow/data/retail_data.csv'","chan":"stdout","logger":"task"}
{"timestamp":"2025-06-13T03:21:51.090459","level":"error","event":"Task failed with exception","logger":"task","error_detail":[{"exc_type":"FileNotFoundError","exc_value":"[Errno 2] No such file or directory: '/opt/airflow/data/retail_data.csv'","exc_notes":[],"syntax_error":null,"is_cause":false,"frames":[{"filename":"/home/airflow/.local/lib/python3.12/site-packages/airflow/sdk/execution_time/task_runner.py","lineno":838,"name":"run"},{"filename":"/home/airflow/.local/lib/python3.12/site-packages/airflow/sdk/execution_time/task_runner.py","lineno":1130,"name":"_execute_task"},{"filename":"/home/airflow/.local/lib/python3.12/site-packages/airflow/sdk/bases/operator.py","lineno":408,"name":"wrapper"},{"filename":"/home/airflow/.local/lib/python3.12/site-packages/airflow/providers/standard/operators/python.py","lineno":212,"name":"execute"},{"filename":"/home/airflow/.local/lib/python3.12/site-packages/airflow/providers/standard/operators/python.py","lineno":235,"name":"execute_callable"},{"filename":"/home/airflow/.local/lib/python3.12/site-packages/airflow/sdk/execution_time/callback_runner.py","lineno":81,"name":"run"},{"filename":"/opt/airflow/dags/etl_dag.py","lineno":10,"name":"extract"},{"filename":"/home/airflow/.local/lib/python3.12/site-packages/pandas/io/parsers/readers.py","lineno":948,"name":"read_csv"},{"filename":"/home/airflow/.local/lib/python3.12/site-packages/pandas/io/parsers/readers.py","lineno":611,"name":"_read"},{"filename":"/home/airflow/.local/lib/python3.12/site-packages/pandas/io/parsers/readers.py","lineno":1448,"name":"__init__"},{"filename":"/home/airflow/.local/lib/python3.12/site-packages/pandas/io/parsers/readers.py","lineno":1705,"name":"_make_engine"},{"filename":"/home/airflow/.local/lib/python3.12/site-packages/pandas/io/common.py","lineno":863,"name":"get_handle"}]}]}
{"timestamp":"2025-06-13T04:19:38.692866","level":"info","event":"DAG bundles loaded: dags-folder, example_dags","logger":"airflow.dag_processing.bundles.manager.DagBundlesManager"}
{"timestamp":"2025-06-13T04:19:38.693849","level":"info","event":"Filling up the DagBag from /opt/airflow/dags/etl_dag.py","logger":"airflow.models.dagbag.DagBag"}
{"timestamp":"2025-06-13T04:19:39.600520Z","level":"info","event":"Task instance is in running state","chan":"stdout","logger":"task"}
{"timestamp":"2025-06-13T04:19:39.600742Z","level":"info","event":" Previous state of the Task instance: TaskInstanceState.QUEUED","chan":"stdout","logger":"task"}
{"timestamp":"2025-06-13T04:19:39.600945Z","level":"info","event":"Current task name:extract","chan":"stdout","logger":"task"}
{"timestamp":"2025-06-13T04:19:39.601102Z","level":"info","event":"Dag name:etl_transaction_pipeline","chan":"stdout","logger":"task"}
{"timestamp":"2025-06-13T04:19:43.095843Z","level":"info","event":"Extracted data successfully","chan":"stdout","logger":"task"}
{"timestamp":"2025-06-13T04:19:43.124525","level":"info","event":"Done. Returned value was: None","logger":"airflow.task.operators.airflow.providers.standard.operators.python.PythonOperator"}
{"timestamp":"2025-06-13T04:19:43.148872Z","level":"info","event":"Task instance in success state","chan":"stdout","logger":"task"}
{"timestamp":"2025-06-13T04:19:43.149254Z","level":"info","event":" Previous state of the Task instance: TaskInstanceState.RUNNING","chan":"stdout","logger":"task"}
{"timestamp":"2025-06-13T04:19:43.149635Z","level":"info","event":"Task operator:<Task(PythonOperator): extract>","chan":"stdout","logger":"task"}
